<?xml version="1.0" encoding="UTF-8"?>
<!-- Generated by org.testng.reporters.JUnitXMLReporter -->
<testsuite ignored="0" hostname="DESKTOP-UOVJQ5N" failures="1" tests="2" name="Test(failed)" time="0.209" errors="0" timestamp="2023-04-27T15:47:53 IST">
  <testcase classname="TestClasses2.TestClass2" name="test1" time="0.072">
    <failure type="java.lang.AssertionError" message="expected [Rohit] but found [Avdhut]">
      <![CDATA[java.lang.AssertionError: expected [Rohit] but found [Avdhut]
at TestClasses2.TestClass2.test1(TestClass2.java:16)
at java.base/java.util.ArrayList.forEach(ArrayList.java:1511)
... Removed 33 stack frames]]>
    </failure>
  </testcase> <!-- test1 -->
  <testcase classname="TestClasses2.TestClass2" name="test2" time="0.0">
    <skipped/>
  </testcase> <!-- test2 -->
</testsuite> <!-- Test(failed) -->
