<?xml version="1.0" encoding="UTF-8"?>
<!-- Generated by org.testng.reporters.JUnitXMLReporter -->
<testsuite ignored="2" hostname="DESKTOP-UOVJQ5N" failures="0" tests="2" name="TestRailSuite" time="37.432" errors="0" timestamp="2023-05-04T17:12:26 IST">
  <testcase classname="TestRailPractise.Base_Class_01" name="@AfterMethod tearDown" time="2.275">
    <failure type="com.gurock.testrail.APIException" message="TestRail API returned HTTP 400(&amp;quot;Field :run_id is not a valid test run.&amp;quot;)">
      <![CDATA[com.gurock.testrail.APIException: TestRail API returned HTTP 400("Field :run_id is not a valid test run.")
at com.gurock.testrail.APIClient.sendRequest(APIClient.java:296)
at com.gurock.testrail.APIClient.sendPost(APIClient.java:132)
at TestRailPractise.TestRailManager.addResultForTestCase(TestRailManager.java:32)
at TestRailPractise.Base_Class_01.tearDown(Base_Class_01.java:46)
at java.base/java.util.ArrayList.forEach(ArrayList.java:1511)
... Removed 32 stack frames]]>
    </failure>
  </testcase> <!-- @AfterMethod tearDown -->
  <testcase classname="TestRailPractise.Base_Class_01" name="@AfterMethod tearDown" time="1.231">
    <failure type="com.gurock.testrail.APIException" message="TestRail API returned HTTP 400(&amp;quot;Field :run_id is not a valid test run.&amp;quot;)">
      <![CDATA[com.gurock.testrail.APIException: TestRail API returned HTTP 400("Field :run_id is not a valid test run.")
at com.gurock.testrail.APIClient.sendRequest(APIClient.java:296)
at com.gurock.testrail.APIClient.sendPost(APIClient.java:132)
at TestRailPractise.TestRailManager.addResultForTestCase(TestRailManager.java:32)
at TestRailPractise.Base_Class_01.tearDown(Base_Class_01.java:46)
at java.base/java.util.ArrayList.forEach(ArrayList.java:1511)
... Removed 32 stack frames]]>
    </failure>
  </testcase> <!-- @AfterMethod tearDown -->
  <testcase classname="TestClasses3TestRail.User_Enter_Valid_Credentials_To_Login" name="User_Enter_valid_Credentials_LoginTest" time="18.336"/>
  <testcase classname="TestClasses3TestRail.User_Enter_Invalid_Credentials_To_Login" name="User_Enter_Invalid_Credentials_LoginTest" time="15.389"/>
  <testcase classname="TestRailPractise.Base_Class_01" name="@BeforeTest configBT" time="0.0">
    <ignored/>
  </testcase> <!-- @BeforeTest configBT -->
  <testcase classname="TestRailPractise.Base_Class_01" name="@BeforeSuite configBS" time="0.0">
    <ignored/>
  </testcase> <!-- @BeforeSuite configBS -->
</testsuite> <!-- TestRailSuite -->
